2022-04-10 00:28:12 [scrapy.utils.log] INFO: Scrapy 2.6.1 started (bot: G_market)
2022-04-10 00:28:12 [scrapy.utils.log] INFO: Versions: lxml 4.6.3.0, libxml2 2.9.12, cssselect 1.1.0, parsel 1.6.0, w3lib 1.22.0, Twisted 22.2.0, Python 3.9.7 (default, Sep 16 2021, 13:09:58) - [GCC 7.5.0], pyOpenSSL 21.0.0 (OpenSSL 1.1.1l  24 Aug 2021), cryptography 3.4.8, Platform Linux-5.10.16.3-microsoft-standard-WSL2-x86_64-with-glibc2.31
2022-04-10 00:28:12 [scrapy.crawler] INFO: Overridden settings:
{'BOT_NAME': 'G_market',
 'DUPEFILTER_CLASS': 'scrapy.dupefilters.BaseDupeFilter',
 'LOGSTATS_INTERVAL': 0,
 'LOG_FILE': 'G_Market.log',
 'NEWSPIDER_MODULE': 'G_market.spiders',
 'SPIDER_MODULES': ['G_market.spiders']}
2022-04-10 00:28:12 [scrapy.utils.log] DEBUG: Using reactor: twisted.internet.epollreactor.EPollReactor
2022-04-10 00:28:12 [scrapy.extensions.telnet] INFO: Telnet Password: 1aa3f35656d6d3ee
2022-04-10 00:28:12 [scrapy.middleware] INFO: Enabled extensions:
['scrapy.extensions.corestats.CoreStats',
 'scrapy.extensions.telnet.TelnetConsole',
 'scrapy.extensions.memusage.MemoryUsage']
2022-04-10 00:28:12 [scrapy.middleware] INFO: Enabled downloader middlewares:
['scrapy.downloadermiddlewares.httpauth.HttpAuthMiddleware',
 'scrapy.downloadermiddlewares.downloadtimeout.DownloadTimeoutMiddleware',
 'scrapy.downloadermiddlewares.defaultheaders.DefaultHeadersMiddleware',
 'scrapy.downloadermiddlewares.useragent.UserAgentMiddleware',
 'scrapy.downloadermiddlewares.retry.RetryMiddleware',
 'scrapy.downloadermiddlewares.redirect.MetaRefreshMiddleware',
 'scrapy.downloadermiddlewares.httpcompression.HttpCompressionMiddleware',
 'scrapy.downloadermiddlewares.redirect.RedirectMiddleware',
 'scrapy.downloadermiddlewares.cookies.CookiesMiddleware',
 'scrapy.downloadermiddlewares.httpproxy.HttpProxyMiddleware',
 'scrapy.downloadermiddlewares.stats.DownloaderStats']
2022-04-10 00:28:12 [scrapy.middleware] INFO: Enabled spider middlewares:
['scrapy.spidermiddlewares.httperror.HttpErrorMiddleware',
 'scrapy.spidermiddlewares.offsite.OffsiteMiddleware',
 'scrapy.spidermiddlewares.referer.RefererMiddleware',
 'scrapy.spidermiddlewares.urllength.UrlLengthMiddleware',
 'scrapy.spidermiddlewares.depth.DepthMiddleware']
2022-04-10 00:28:12 [scrapy.middleware] INFO: Enabled item pipelines:
[]
2022-04-10 00:28:12 [scrapy.extensions.telnet] INFO: Telnet console listening on 127.0.0.1:6023
2022-04-10 00:28:12 [asyncio] DEBUG: Using selector: EpollSelector
2022-04-10 00:28:12 [asyncio] DEBUG: Using selector: EpollSelector
2022-04-10 00:28:49 [scrapy.core.engine] INFO: Spider opened
2022-04-10 00:28:51 [scrapy.core.engine] DEBUG: Crawled (200) <GET https://browse.gmarket.co.kr/search?keyword=%EB%85%B8%ED%8A%B8%EB%B6%81&s=8> (referer: None)
2022-04-10 01:23:14 [filelock] DEBUG: Attempting to acquire lock 139754496081440 on /home/may/.cache/python-tldextract/3.9.7.final__anaconda3__59f11a__tldextract-3.2.0/publicsuffix.org-tlds/de84b5ca2167d4c83e38fb162f2e8738.tldextract.json.lock
2022-04-10 01:23:14 [filelock] DEBUG: Lock 139754496081440 acquired on /home/may/.cache/python-tldextract/3.9.7.final__anaconda3__59f11a__tldextract-3.2.0/publicsuffix.org-tlds/de84b5ca2167d4c83e38fb162f2e8738.tldextract.json.lock
2022-04-10 01:23:14 [filelock] DEBUG: Attempting to acquire lock 139754496106608 on /home/may/.cache/python-tldextract/3.9.7.final__anaconda3__59f11a__tldextract-3.2.0/urls/62bf135d1c2f3d4db4228b9ecaf507a2.tldextract.json.lock
2022-04-10 01:23:14 [filelock] DEBUG: Lock 139754496106608 acquired on /home/may/.cache/python-tldextract/3.9.7.final__anaconda3__59f11a__tldextract-3.2.0/urls/62bf135d1c2f3d4db4228b9ecaf507a2.tldextract.json.lock
2022-04-10 01:23:14 [filelock] DEBUG: Attempting to release lock 139754496106608 on /home/may/.cache/python-tldextract/3.9.7.final__anaconda3__59f11a__tldextract-3.2.0/urls/62bf135d1c2f3d4db4228b9ecaf507a2.tldextract.json.lock
2022-04-10 01:23:14 [filelock] DEBUG: Lock 139754496106608 released on /home/may/.cache/python-tldextract/3.9.7.final__anaconda3__59f11a__tldextract-3.2.0/urls/62bf135d1c2f3d4db4228b9ecaf507a2.tldextract.json.lock
2022-04-10 01:23:14 [filelock] DEBUG: Attempting to release lock 139754496081440 on /home/may/.cache/python-tldextract/3.9.7.final__anaconda3__59f11a__tldextract-3.2.0/publicsuffix.org-tlds/de84b5ca2167d4c83e38fb162f2e8738.tldextract.json.lock
2022-04-10 01:23:14 [filelock] DEBUG: Lock 139754496081440 released on /home/may/.cache/python-tldextract/3.9.7.final__anaconda3__59f11a__tldextract-3.2.0/publicsuffix.org-tlds/de84b5ca2167d4c83e38fb162f2e8738.tldextract.json.lock
2022-04-10 01:23:14 [scrapy.core.engine] DEBUG: Crawled (200) <GET http://item.gmarket.co.kr/Item?goodscode=2245578579> (referer: None)
2022-04-10 01:25:45 [scrapy.core.engine] DEBUG: Crawled (200) <GET http://item.gmarket.co.kr/Item?goodscode=2338365260> (referer: None)
2022-04-10 01:44:07 [scrapy.core.engine] DEBUG: Crawled (200) <GET http://item.gmarket.co.kr/Item?goodscode=2245578579> (referer: None)
